IQ-TREE multicore version 1.6.1 for Linux 64-bit built Feb 16 2018
Developed by Bui Quang Minh, Nguyen Lam Tung, Olga Chernomor,
Heiko Schmidt, Dominik Schrempf, Michael Woodhams.

Host:    dsambor-Lenovo-B50-70 (AVX2, FMA3, 15 GB RAM)
Command: iqtree -s betacorona-5d-2013.fasta -alrt 1000 -nt AUTO -m WAG -o HCoV_NL63 -seed 2
Seed:    2 (Using SPRNG - Scalable Parallel Random Number Generator)
Time:    Thu Feb 13 00:23:38 2020
Kernel:  AVX+FMA - auto-detect threads (4 CPU cores detected)

Reading alignment file betacorona-5d-2013.fasta ... Fasta format detected
Alignment most likely contains protein sequences
WARNING: 76 sites contain only gaps or ambiguous characters.
Alignment has 20 sequences with 1322 columns, 734 distinct patterns
646 parsimony-informative, 93 singleton sites, 583 constant sites
                  Gap/Ambiguity  Composition  p-value
   1  HCoV_229E           6.58%    passed     89.91%
   2  SARS-CoV            6.20%    passed     99.99%
   3  HCoV_NL63           6.51%    passed     86.48%
   4  HCoV_OC43           6.20%    passed     99.87%
   5  HCoV_HKU1           6.20%    passed     94.85%
   6  SARS-CoV_PC4-227    6.20%    passed     99.99%
   7  MHV                 6.20%    passed     99.48%
   8  Ty-BatCoV_HKU4      5.82%    passed     99.86%
   9  Pi-BatCoV_HKU5      5.82%    passed     99.99%
  10  Ro-BatCoV_HKU9      6.20%    passed     99.60%
  11  RaTG13              6.20%    passed     99.85%
  12  MERS-CoV            5.90%    passed     99.90%
  13  EriCoV              5.82%    passed    100.00%
  14  Bat_Hp-BetaCoV      6.20%    passed     99.94%
  15  ChRCoV_HKU24        6.20%    passed     99.87%
  16  Ro-BatCoV_GCCDC1    6.20%    passed     97.24%
  17  SARSr-CoV_BtKY72    6.20%    passed    100.00%
  18  MrufCoV_2JL14       6.20%    passed     99.59%
  19  Ei-BatCoV_C704      6.20%    passed     99.92%
  20  SARS-CoV-2          6.20%    passed     99.96%
****  TOTAL               6.16%  0 sequences failed composition chi2 test (p-value<5%; df=19)

Create initial parsimony tree by phylogenetic likelihood library (PLL)... 0.005 seconds

NOTE: 2 MB RAM (0 GB) is required!
Measuring multi-threading efficiency up to 4 CPU cores
Increase to 10 rounds for branch lengths
40 trees examined
Threads: 1 / Time: 4.061 sec / Speedup: 1.000 / Efficiency: 100% / LogL: -27459
Threads: 2 / Time: 2.227 sec / Speedup: 1.824 / Efficiency: 91% / LogL: -27459
Threads: 3 / Time: 2.546 sec / Speedup: 1.595 / Efficiency: 53% / LogL: -27459
BEST NUMBER OF THREADS: 2

Estimate model parameters (epsilon = 0.100)
1. Initial log-likelihood: -17165.817
Optimal log-likelihood: -17051.330
Parameters optimization took 1 rounds (0.022 sec)
Computing ML distances based on estimated model parameters... 0.026 sec
Computing BIONJ tree...
0.000 seconds
Log-likelihood of BIONJ tree: -17058.327
--------------------------------------------------------------------
|             INITIALIZING CANDIDATE TREE SET                      |
--------------------------------------------------------------------
Generating 98 parsimony trees... 0.512 second
Computing log-likelihood of 98 initial trees ... 1.564 seconds
Current best score: -17051.330

Do NNI search on 20 best initial trees
Estimate model parameters (epsilon = 0.100)
BETTER TREE FOUND at iteration 1: -17049.695
Estimate model parameters (epsilon = 0.100)
BETTER TREE FOUND at iteration 3: -17045.453
Estimate model parameters (epsilon = 0.100)
BETTER TREE FOUND at iteration 6: -17042.118
Iteration 10 / LogL: -17045.506 / Time: 0h:0m:11s
Iteration 20 / LogL: -17042.159 / Time: 0h:0m:13s
Finish initializing candidate tree set (6)
Current best tree score: -17042.118 / CPU time: 4.236
Number of iterations: 20
--------------------------------------------------------------------
|               OPTIMIZING CANDIDATE TREE SET                      |
--------------------------------------------------------------------
Iteration 30 / LogL: -17055.640 / Time: 0h:0m:14s (0h:0m:38s left)
Iteration 40 / LogL: -17045.468 / Time: 0h:0m:15s (0h:0m:26s left)
Iteration 50 / LogL: -17045.465 / Time: 0h:0m:17s (0h:0m:19s left)
Iteration 60 / LogL: -17262.555 / Time: 0h:0m:18s (0h:0m:14s left)
Iteration 70 / LogL: -17045.487 / Time: 0h:0m:20s (0h:0m:10s left)
Iteration 80 / LogL: -17042.147 / Time: 0h:0m:21s (0h:0m:7s left)
Iteration 90 / LogL: -17046.868 / Time: 0h:0m:22s (0h:0m:4s left)
Iteration 100 / LogL: -17042.154 / Time: 0h:0m:24s (0h:0m:1s left)
TREE SEARCH COMPLETED AFTER 107 ITERATIONS / Time: 0h:0m:25s

--------------------------------------------------------------------
|                    FINALIZING TREE SEARCH                        |
--------------------------------------------------------------------
Performs final model parameters optimization
Estimate model parameters (epsilon = 0.010)
1. Initial log-likelihood: -17042.118
Optimal log-likelihood: -17042.118
Parameters optimization took 1 rounds (0.014 sec)
BEST SCORE FOUND : -17042.118

Testing tree branches by SH-like aLRT with 1000 replicates...
CPU Time used:  0.497 sec.
Total tree length: 2.183

Total number of iterations: 107
CPU time used for tree search: 31.773 sec (0h:0m:31s)
Wall-clock time used for tree search: 16.244 sec (0h:0m:16s)
Total CPU time used: 48.498 sec (0h:0m:48s)
Total wall-clock time used: 25.607 sec (0h:0m:25s)

Analysis results written to: 
  IQ-TREE report:                betacorona-5d-2013.fasta.iqtree
  Maximum-likelihood tree:       betacorona-5d-2013.fasta.treefile
  Likelihood distances:          betacorona-5d-2013.fasta.mldist
  Screen log file:               betacorona-5d-2013.fasta.log

Date and Time: Thu Feb 13 00:24:03 2020
